# JRE version: OpenJDK Runtime Environment Temurin-21.0.10+7 (21.0.10+7) (build 21.0.10+7-LTS)
# Java VM: OpenJDK 64-Bit Server VM Temurin-21.0.10+7 (21.0.10+7-LTS, mixed mode, sharing, tiered, compressed oops, compressed class ptrs, parallel gc, windows-amd64)
GC Precious Log:
 CardTable entry size: 512
 CPUs: 12 total, 12 available
 Memory: 16068M
 Large Page Support: Disabled
 NUMA Support: Disabled
 Compressed Oops: Enabled (32-bit)
 Alignments: Space 512K, Generation 512K, Heap 2M
 Heap Min Capacity: 100M
 Heap Initial Capacity: 100M
 Heap Max Capacity: 2G
 Pre-touch: Disabled
 Parallel Workers: 10
Heap:
 PSYoungGen      total 10240K, used 9204K [0x00000000d5580000, 0x00000000d6200000, 0x0000000100000000)
  eden space 7168K, 100% used [0x00000000d5580000,0x00000000d5c80000,0x00000000d5c80000)
  from space 3072K, 66% used [0x00000000d5c80000,0x00000000d5e7d178,0x00000000d5f80000)
  to   space 2560K, 27% used [0x00000000d5f80000,0x00000000d602dc70,0x00000000d6200000)
 ParOldGen       total 449024K, used 448950K [0x0000000080000000, 0x000000009b680000, 0x00000000d5580000)
  object space 449024K, 99% used [0x0000000080000000,0x000000009b66dbc8,0x000000009b680000)
 Metaspace       used 67333K, committed 68800K, reserved 1114112K
  class space    used 7342K, committed 7936K, reserved 1048576K
GC Heap History (20 events):
Event: 53.382 GC heap after
{Heap after GC invocations=524 (full 4):
 PSYoungGen      total 7168K, used 1772K [0x00000000d5580000, 0x00000000d5f80000, 0x0000000100000000)
  eden space 5120K, 0% used [0x00000000d5580000,0x00000000d5580000,0x00000000d5a80000)
  from space 2048K, 86% used [0x00000000d5d80000,0x00000000d5f3b130,0x00000000d5f80000)
  to   space 2048K, 0% used [0x00000000d5b80000,0x00000000d5b80000,0x00000000d5d80000)
 ParOldGen       total 432640K, used 432494K [0x0000000080000000, 0x000000009a680000, 0x00000000d5580000)
  object space 432640K, 99% used [0x0000000080000000,0x000000009a65b960,0x000000009a680000)
 Metaspace       used 67117K, committed 68544K, reserved 1114112K
  class space    used 7321K, committed 7936K, reserved 1048576K
}
Event: 53.386 GC heap before
{Heap before GC invocations=525 (full 4):
 PSYoungGen      total 7168K, used 6892K [0x00000000d5580000, 0x00000000d5f80000, 0x0000000100000000)
  eden space 5120K, 100% used [0x00000000d5580000,0x00000000d5a80000,0x00000000d5a80000)
  from space 2048K, 86% used [0x00000000d5d80000,0x00000000d5f3b130,0x00000000d5f80000)
  to   space 2048K, 0% used [0x00000000d5b80000,0x00000000d5b80000,0x00000000d5d80000)
 ParOldGen       total 432640K, used 432494K [0x0000000080000000, 0x000000009a680000, 0x00000000d5580000)
  object space 432640K, 99% used [0x0000000080000000,0x000000009a65b960,0x000000009a680000)
 Metaspace       used 67117K, committed 68544K, reserved 1114112K
  class space    used 7321K, committed 7936K, reserved 1048576K
}
Event: 53.388 GC heap after
{Heap after GC invocations=525 (full 4):
 PSYoungGen      total 8192K, used 1995K [0x00000000d5580000, 0x00000000d5f80000, 0x0000000100000000)
  eden space 6144K, 0% used [0x00000000d5580000,0x00000000d5580000,0x00000000d5b80000)
  from space 2048K, 97% used [0x00000000d5b80000,0x00000000d5d72e40,0x00000000d5d80000)
  to   space 2048K, 0% used [0x00000000d5d80000,0x00000000d5d80000,0x00000000d5f80000)
 ParOldGen       total 434176K, used 434141K [0x0000000080000000, 0x000000009a800000, 0x00000000d5580000)
  object space 434176K, 99% used [0x0000000080000000,0x000000009a7f75d8,0x000000009a800000)
 Metaspace       used 67117K, committed 68544K, reserved 1114112K
  class space    used 7321K, committed 7936K, reserved 1048576K
}
Event: 53.393 GC heap before
{Heap before GC invocations=526 (full 4):
 PSYoungGen      total 8192K, used 8085K [0x00000000d5580000, 0x00000000d5f80000, 0x0000000100000000)
  eden space 6144K, 99% used [0x00000000d5580000,0x00000000d5b72930,0x00000000d5b80000)
  from space 2048K, 97% used [0x00000000d5b80000,0x00000000d5d72e40,0x00000000d5d80000)
  to   space 2048K, 0% used [0x00000000d5d80000,0x00000000d5d80000,0x00000000d5f80000)
 ParOldGen       total 434176K, used 434141K [0x0000000080000000, 0x000000009a800000, 0x00000000d5580000)
  object space 434176K, 99% used [0x0000000080000000,0x000000009a7f75d8,0x000000009a800000)
 Metaspace       used 67117K, committed 68544K, reserved 1114112K
  class space    used 7321K, committed 7936K, reserved 1048576K
}
Event: 53.395 GC heap after
{Heap after GC invocations=526 (full 4):
 PSYoungGen      total 5120K, used 2046K [0x00000000d5580000, 0x00000000d6700000, 0x0000000100000000)
  eden space 3072K, 0% used [0x00000000d5580000,0x00000000d5580000,0x00000000d5880000)
  from space 2048K, 99% used [0x00000000d5d80000,0x00000000d5f7fb10,0x00000000d5f80000)
  to   space 5120K, 0% used [0x00000000d5880000,0x00000000d5880000,0x00000000d5d80000)
 ParOldGen       total 436736K, used 436404K [0x0000000080000000, 0x000000009aa80000, 0x00000000d5580000)
  object space 436736K, 99% used [0x0000000080000000,0x000000009aa2d238,0x000000009aa80000)
 Metaspace       used 67117K, committed 68544K, reserved 1114112K
  class space    used 7321K, committed 7936K, reserved 1048576K
}
Event: 53.398 GC heap before
{Heap before GC invocations=527 (full 4):
 PSYoungGen      total 5120K, used 5095K [0x00000000d5580000, 0x00000000d6700000, 0x0000000100000000)
  eden space 3072K, 99% used [0x00000000d5580000,0x00000000d587a210,0x00000000d5880000)
  from space 2048K, 99% used [0x00000000d5d80000,0x00000000d5f7fb10,0x00000000d5f80000)
  to   space 5120K, 0% used [0x00000000d5880000,0x00000000d5880000,0x00000000d5d80000)
 ParOldGen       total 436736K, used 436404K [0x0000000080000000, 0x000000009aa80000, 0x00000000d5580000)
  object space 436736K, 99% used [0x0000000080000000,0x000000009aa2d238,0x000000009aa80000)
 Metaspace       used 67117K, committed 68544K, reserved 1114112K
  class space    used 7321K, committed 7936K, reserved 1048576K
}
Event: 53.400 GC heap after
{Heap after GC invocations=527 (full 4):
 PSYoungGen      total 4608K, used 1518K [0x00000000d5580000, 0x00000000d5e80000, 0x0000000100000000)
  eden space 3072K, 0% used [0x00000000d5580000,0x00000000d5580000,0x00000000d5880000)
  from space 1536K, 98% used [0x00000000d5880000,0x00000000d59fbbb0,0x00000000d5a00000)
  to   space 2560K, 0% used [0x00000000d5c00000,0x00000000d5c00000,0x00000000d5e80000)
 ParOldGen       total 438272K, used 438259K [0x0000000080000000, 0x000000009ac00000, 0x00000000d5580000)
  object space 438272K, 99% used [0x0000000080000000,0x000000009abfcdc0,0x000000009ac00000)
 Metaspace       used 67117K, committed 68544K, reserved 1114112K
  class space    used 7321K, committed 7936K, reserved 1048576K
}
Event: 53.403 GC heap before
{Heap before GC invocations=528 (full 4):
 PSYoungGen      total 4608K, used 4532K [0x00000000d5580000, 0x00000000d5e80000, 0x0000000100000000)
  eden space 3072K, 98% used [0x00000000d5580000,0x00000000d5871550,0x00000000d5880000)
  from space 1536K, 98% used [0x00000000d5880000,0x00000000d59fbbb0,0x00000000d5a00000)
  to   space 2560K, 0% used [0x00000000d5c00000,0x00000000d5c00000,0x00000000d5e80000)
 ParOldGen       total 438272K, used 438259K [0x0000000080000000, 0x000000009ac00000, 0x00000000d5580000)
  object space 438272K, 99% used [0x0000000080000000,0x000000009abfcdc0,0x000000009ac00000)
 Metaspace       used 67117K, committed 68544K, reserved 1114112K
  class space    used 7321K, committed 7936K, reserved 1048576K
}
Event: 53.405 GC heap after
{Heap after GC invocations=528 (full 4):
 PSYoungGen      total 5632K, used 1302K [0x00000000d5580000, 0x00000000d5d80000, 0x0000000100000000)
  eden space 4096K, 0% used [0x00000000d5580000,0x00000000d5580000,0x00000000d5980000)
  from space 1536K, 84% used [0x00000000d5c00000,0x00000000d5d45860,0x00000000d5d80000)
  to   space 2048K, 0% used [0x00000000d5980000,0x00000000d5980000,0x00000000d5b80000)
 ParOldGen       total 439808K, used 439586K [0x0000000080000000, 0x000000009ad80000, 0x00000000d5580000)
  object space 439808K, 99% used [0x0000000080000000,0x000000009ad48970,0x000000009ad80000)
 Metaspace       used 67117K, committed 68544K, reserved 1114112K
  class space    used 7321K, committed 7936K, reserved 1048576K
}
Event: 53.409 GC heap before
{Heap before GC invocations=529 (full 4):
 PSYoungGen      total 5632K, used 5386K [0x00000000d5580000, 0x00000000d5d80000, 0x0000000100000000)
  eden space 4096K, 99% used [0x00000000d5580000,0x00000000d597d328,0x00000000d5980000)
  from space 1536K, 84% used [0x00000000d5c00000,0x00000000d5d45860,0x00000000d5d80000)
  to   space 2048K, 0% used [0x00000000d5980000,0x00000000d5980000,0x00000000d5b80000)
 ParOldGen       total 439808K, used 439586K [0x0000000080000000, 0x000000009ad80000, 0x00000000d5580000)
  object space 439808K, 99% used [0x0000000080000000,0x000000009ad48970,0x000000009ad80000)
 Metaspace       used 67117K, committed 68544K, reserved 1114112K
  class space    used 7321K, committed 7936K, reserved 1048576K
}
Event: 53.410 GC heap after
{Heap after GC invocations=529 (full 4):
 PSYoungGen      total 6144K, used 1913K [0x00000000d5580000, 0x00000000d5e80000, 0x0000000100000000)
  eden space 4096K, 0% used [0x00000000d5580000,0x00000000d5580000,0x00000000d5980000)
  from space 2048K, 93% used [0x00000000d5980000,0x00000000d5b5e4d8,0x00000000d5b80000)
  to   space 2048K, 0% used [0x00000000d5c80000,0x00000000d5c80000,0x00000000d5e80000)
 ParOldGen       total 440832K, used 440668K [0x0000000080000000, 0x000000009ae80000, 0x00000000d5580000)
  object space 440832K, 99% used [0x0000000080000000,0x000000009ae57328,0x000000009ae80000)
 Metaspace       used 67117K, committed 68544K, reserved 1114112K
  class space    used 7321K, committed 7936K, reserved 1048576K
}
Event: 53.413 GC heap before
{Heap before GC invocations=530 (full 4):
 PSYoungGen      total 6144K, used 5937K [0x00000000d5580000, 0x00000000d5e80000, 0x0000000100000000)
  eden space 4096K, 98% used [0x00000000d5580000,0x00000000d596e1e8,0x00000000d5980000)
  from space 2048K, 93% used [0x00000000d5980000,0x00000000d5b5e4d8,0x00000000d5b80000)
  to   space 2048K, 0% used [0x00000000d5c80000,0x00000000d5c80000,0x00000000d5e80000)
 ParOldGen       total 440832K, used 440668K [0x0000000080000000, 0x000000009ae80000, 0x00000000d5580000)
  object space 440832K, 99% used [0x0000000080000000,0x000000009ae57328,0x000000009ae80000)
 Metaspace       used 67117K, committed 68544K, reserved 1114112K
  class space    used 7321K, committed 7936K, reserved 1048576K
}
Event: 53.415 GC heap after
{Heap after GC invocations=530 (full 4):
 PSYoungGen      total 7168K, used 1870K [0x00000000d5580000, 0x00000000d5e80000, 0x0000000100000000)
  eden space 5120K, 0% used [0x00000000d5580000,0x00000000d5580000,0x00000000d5a80000)
  from space 2048K, 91% used [0x00000000d5c80000,0x00000000d5e53800,0x00000000d5e80000)
  to   space 2048K, 0% used [0x00000000d5a80000,0x00000000d5a80000,0x00000000d5c80000)
 ParOldGen       total 442880K, used 442395K [0x0000000080000000, 0x000000009b080000, 0x00000000d5580000)
  object space 442880K, 99% used [0x0000000080000000,0x000000009b006e20,0x000000009b080000)
 Metaspace       used 67117K, committed 68544K, reserved 1114112K
  class space    used 7321K, committed 7936K, reserved 1048576K
}
Event: 53.419 GC heap before
{Heap before GC invocations=531 (full 4):
 PSYoungGen      total 7168K, used 6967K [0x00000000d5580000, 0x00000000d5e80000, 0x0000000100000000)
  eden space 5120K, 99% used [0x00000000d5580000,0x00000000d5a7a5d0,0x00000000d5a80000)
  from space 2048K, 91% used [0x00000000d5c80000,0x00000000d5e53800,0x00000000d5e80000)
  to   space 2048K, 0% used [0x00000000d5a80000,0x00000000d5a80000,0x00000000d5c80000)
 ParOldGen       total 442880K, used 442395K [0x0000000080000000, 0x000000009b080000, 0x00000000d5580000)
  object space 442880K, 99% used [0x0000000080000000,0x000000009b006e20,0x000000009b080000)
 Metaspace       used 67117K, committed 68544K, reserved 1114112K
  class space    used 7321K, committed 7936K, reserved 1048576K
}
Event: 53.422 GC heap after
{Heap after GC invocations=531 (full 4):
 PSYoungGen      total 7168K, used 2022K [0x00000000d5580000, 0x00000000d6480000, 0x0000000100000000)
  eden space 5120K, 0% used [0x00000000d5580000,0x00000000d5580000,0x00000000d5a80000)
  from space 2048K, 98% used [0x00000000d5a80000,0x00000000d5c79bf0,0x00000000d5c80000)
  to   space 4608K, 0% used [0x00000000d6000000,0x00000000d6000000,0x00000000d6480000)
 ParOldGen       total 444416K, used 444317K [0x0000000080000000, 0x000000009b200000, 0x00000000d5580000)
  object space 444416K, 99% used [0x0000000080000000,0x000000009b1e74c0,0x000000009b200000)
 Metaspace       used 67117K, committed 68544K, reserved 1114112K
  class space    used 7321K, committed 7936K, reserved 1048576K
}
Event: 53.427 GC heap before
{Heap before GC invocations=532 (full 4):
 PSYoungGen      total 7168K, used 7142K [0x00000000d5580000, 0x00000000d6480000, 0x0000000100000000)
  eden space 5120K, 100% used [0x00000000d5580000,0x00000000d5a80000,0x00000000d5a80000)
  from space 2048K, 98% used [0x00000000d5a80000,0x00000000d5c79bf0,0x00000000d5c80000)
  to   space 4608K, 0% used [0x00000000d6000000,0x00000000d6000000,0x00000000d6480000)
 ParOldGen       total 444416K, used 444317K [0x0000000080000000, 0x000000009b200000, 0x00000000d5580000)
  object space 444416K, 99% used [0x0000000080000000,0x000000009b1e74c0,0x000000009b200000)
 Metaspace       used 67117K, committed 68544K, reserved 1114112K
  class space    used 7321K, committed 7936K, reserved 1048576K
}
Event: 53.430 GC heap after
{Heap after GC invocations=532 (full 4):
 PSYoungGen      total 8704K, used 2182K [0x00000000d5580000, 0x00000000d6280000, 0x0000000100000000)
  eden space 6144K, 0% used [0x00000000d5580000,0x00000000d5580000,0x00000000d5b80000)
  from space 2560K, 85% used [0x00000000d6000000,0x00000000d6221800,0x00000000d6280000)
  to   space 3072K, 0% used [0x00000000d5c80000,0x00000000d5c80000,0x00000000d5f80000)
 ParOldGen       total 446464K, used 446124K [0x0000000080000000, 0x000000009b400000, 0x00000000d5580000)
  object space 446464K, 99% used [0x0000000080000000,0x000000009b3ab340,0x000000009b400000)
 Metaspace       used 67117K, committed 68544K, reserved 1114112K
  class space    used 7321K, committed 7936K, reserved 1048576K
}
Event: 53.456 GC heap before
{Heap before GC invocations=533 (full 4):
 PSYoungGen      total 8704K, used 8311K [0x00000000d5580000, 0x00000000d6280000, 0x0000000100000000)
  eden space 6144K, 99% used [0x00000000d5580000,0x00000000d5b7c4e0,0x00000000d5b80000)
  from space 2560K, 85% used [0x00000000d6000000,0x00000000d6221800,0x00000000d6280000)
  to   space 3072K, 0% used [0x00000000d5c80000,0x00000000d5c80000,0x00000000d5f80000)
 ParOldGen       total 446464K, used 446124K [0x0000000080000000, 0x000000009b400000, 0x00000000d5580000)
  object space 446464K, 99% used [0x0000000080000000,0x000000009b3ab340,0x000000009b400000)
 Metaspace       used 67207K, committed 68608K, reserved 1114112K
  class space    used 7332K, committed 7936K, reserved 1048576K
}
Event: 53.458 GC heap after
{Heap after GC invocations=533 (full 4):
 PSYoungGen      total 10240K, used 2036K [0x00000000d5580000, 0x00000000d6200000, 0x0000000100000000)
  eden space 7168K, 0% used [0x00000000d5580000,0x00000000d5580000,0x00000000d5c80000)
  from space 3072K, 66% used [0x00000000d5c80000,0x00000000d5e7d178,0x00000000d5f80000)
  to   space 2560K, 0% used [0x00000000d5f80000,0x00000000d5f80000,0x00000000d6200000)
 ParOldGen       total 448512K, used 448144K [0x0000000080000000, 0x000000009b600000, 0x00000000d5580000)
  object space 448512K, 99% used [0x0000000080000000,0x000000009b5a4340,0x000000009b600000)
 Metaspace       used 67207K, committed 68608K, reserved 1114112K
  class space    used 7332K, committed 7936K, reserved 1048576K
}
Event: 57.587 GC heap before
{Heap before GC invocations=534 (full 4):
 PSYoungGen      total 10240K, used 9204K [0x00000000d5580000, 0x00000000d6200000, 0x0000000100000000)
  eden space 7168K, 100% used [0x00000000d5580000,0x00000000d5c80000,0x00000000d5c80000)
  from space 3072K, 66% used [0x00000000d5c80000,0x00000000d5e7d178,0x00000000d5f80000)
  to   space 2560K, 0% used [0x00000000d5f80000,0x00000000d5f80000,0x00000000d6200000)
 ParOldGen       total 448512K, used 448144K [0x0000000080000000, 0x000000009b600000, 0x00000000d5580000)
  object space 448512K, 99% used [0x0000000080000000,0x000000009b5a4340,0x000000009b600000)
 Metaspace       used 67333K, committed 68800K, reserved 1114112K
  class space    used 7342K, committed 7936K, reserved 1048576K
}

